<?xml version="1.0" encoding="UTF-8"?>
<!-- Generated by org.testng.reporters.JUnitReportReporter -->
<testsuite hostname="DESKTOP-4IQHI62" name="com.wooplr.look.test.WooplrLookTestPlan" tests="1" failures="0" timestamp="17 Nov 2016 06:20:20 GMT" time="0.019" errors="0">
  <testcase name="getLooksForUser" time="0.019" classname="com.wooplr.look.test.WooplrLookTestPlan"/>
</testsuite> <!-- com.wooplr.look.test.WooplrLookTestPlan -->
