<?xml version="1.0" encoding="UTF-8"?>
<!-- Generated by org.testng.reporters.JUnitReportReporter -->
<testsuite hostname="DESKTOP-4IQHI62" name="com.wooplr.fashionlook.test.FashionLookTestPlan" tests="8" failures="0" timestamp="2 Dec 2016 10:14:08 GMT" time="38.867" errors="0">
  <testcase name="postFashionLook" time="2.207" classname="com.wooplr.fashionlook.test.FashionLookTestPlan"/>
  <testcase name="postFashionLook" time="4.056" classname="com.wooplr.fashionlook.test.FashionLookTestPlan"/>
  <testcase name="postFashionLook" time="4.241" classname="com.wooplr.fashionlook.test.FashionLookTestPlan"/>
  <testcase name="postFashionLook" time="3.642" classname="com.wooplr.fashionlook.test.FashionLookTestPlan"/>
  <testcase name="getFashionLookByInvalidId" time="1.238" classname="com.wooplr.fashionlook.test.FashionLookTestPlan"/>
  <testcase name="deleteFashionLook" time="14.723" classname="com.wooplr.fashionlook.test.FashionLookTestPlan"/>
  <testcase name="getFashionLookById" time="6.596" classname="com.wooplr.fashionlook.test.FashionLookTestPlan"/>
  <testcase name="postFashionLook" time="2.164" classname="com.wooplr.fashionlook.test.FashionLookTestPlan"/>
</testsuite> <!-- com.wooplr.fashionlook.test.FashionLookTestPlan -->
