<?xml version="1.0" encoding="UTF-8"?>
<!-- Generated by org.testng.reporters.JUnitReportReporter -->
<testsuite hostname="DESKTOP-4IQHI62" name="com.wooplr.collection.test.CollectionTestPlan" tests="18" failures="0" timestamp="2 Dec 2016 10:14:08 GMT" time="263.855" errors="0">
  <testcase name="createCollection" time="6.399" classname="com.wooplr.collection.test.CollectionTestPlan"/>
  <testcase name="updateCollection" time="20.658" classname="com.wooplr.collection.test.CollectionTestPlan"/>
  <testcase name="updateCollection" time="19.301" classname="com.wooplr.collection.test.CollectionTestPlan"/>
  <testcase name="updateCollection" time="18.612" classname="com.wooplr.collection.test.CollectionTestPlan"/>
  <testcase name="updateCollection" time="18.949" classname="com.wooplr.collection.test.CollectionTestPlan"/>
  <testcase name="createCollection" time="9.273" classname="com.wooplr.collection.test.CollectionTestPlan"/>
  <testcase name="getByInvalidCollectionID" time="1.383" classname="com.wooplr.collection.test.CollectionTestPlan"/>
  <testcase name="createCollection" time="13.097" classname="com.wooplr.collection.test.CollectionTestPlan"/>
  <testcase name="updateCollection" time="18.831" classname="com.wooplr.collection.test.CollectionTestPlan"/>
  <testcase name="createCollection" time="6.837" classname="com.wooplr.collection.test.CollectionTestPlan"/>
  <testcase name="createCollection" time="8.529" classname="com.wooplr.collection.test.CollectionTestPlan"/>
  <testcase name="updateCollection" time="18.805" classname="com.wooplr.collection.test.CollectionTestPlan"/>
  <testcase name="updateCollection" time="39.426" classname="com.wooplr.collection.test.CollectionTestPlan"/>
  <testcase name="createCollection" time="7.121" classname="com.wooplr.collection.test.CollectionTestPlan"/>
  <testcase name="createCollection" time="13.614" classname="com.wooplr.collection.test.CollectionTestPlan"/>
  <testcase name="getCollection" time="7.148" classname="com.wooplr.collection.test.CollectionTestPlan"/>
  <testcase name="deleteCollection" time="13.766" classname="com.wooplr.collection.test.CollectionTestPlan"/>
  <testcase name="updateCollection" time="22.106" classname="com.wooplr.collection.test.CollectionTestPlan"/>
</testsuite> <!-- com.wooplr.collection.test.CollectionTestPlan -->
